# JRE version: OpenJDK Runtime Environment (8.0_152-b01) (build 1.8.0_152-release-915-b01)
# Java VM: OpenJDK 64-Bit Server VM (25.152-b01 mixed mode linux-amd64 compressed oops)
Heap:
 PSYoungGen      total 392704K, used 73128K [0x00000000e0000000, 0x00000000f9f00000, 0x0000000100000000)
  eden space 372736K, 16% used [0x00000000e0000000,0x00000000e3c0d370,0x00000000f6c00000)
  from space 19968K, 58% used [0x00000000f8b80000,0x00000000f96dcf80,0x00000000f9f00000)
  to   space 26112K, 0% used [0x00000000f6c00000,0x00000000f6c00000,0x00000000f8580000)
 ParOldGen       total 157184K, used 71146K [0x00000000a0000000, 0x00000000a9980000, 0x00000000e0000000)
  object space 157184K, 45% used [0x00000000a0000000,0x00000000a457a838,0x00000000a9980000)
 Metaspace       used 90518K, capacity 100456K, committed 101196K, reserved 1136640K
  class space    used 11451K, capacity 13932K, committed 14156K, reserved 1048576K
GC Heap History (10 events):
Event: 23483.099 GC heap before
{Heap before GC invocations=56 (full 4):
 PSYoungGen      total 294400K, used 289056K [0x00000000e0000000, 0x00000000f4b00000, 0x0000000100000000)
  eden space 272896K, 100% used [0x00000000e0000000,0x00000000f0a80000,0x00000000f0a80000)
  from space 21504K, 75% used [0x00000000f0a80000,0x00000000f1a48080,0x00000000f1f80000)
  to   space 23040K, 0% used [0x00000000f3480000,0x00000000f3480000,0x00000000f4b00000)
 ParOldGen       total 157184K, used 60803K [0x00000000a0000000, 0x00000000a9980000, 0x00000000e0000000)
  object space 157184K, 38% used [0x00000000a0000000,0x00000000a3b60c70,0x00000000a9980000)
 Metaspace       used 90108K, capacity 99880K, committed 100812K, reserved 1136640K
  class space    used 11403K, capacity 13768K, committed 14028K, reserved 1048576K
Event: 23483.140 GC heap after
Heap after GC invocations=56 (full 4):
 PSYoungGen      total 307712K, used 11216K [0x00000000e0000000, 0x00000000f4680000, 0x0000000100000000)
  eden space 289280K, 0% used [0x00000000e0000000,0x00000000e0000000,0x00000000f1a80000)
  from space 18432K, 60% used [0x00000000f3480000,0x00000000f3f740d0,0x00000000f4680000)
  to   space 22528K, 0% used [0x00000000f1a80000,0x00000000f1a80000,0x00000000f3080000)
 ParOldGen       total 157184K, used 60811K [0x00000000a0000000, 0x00000000a9980000, 0x00000000e0000000)
  object space 157184K, 38% used [0x00000000a0000000,0x00000000a3b62c70,0x00000000a9980000)
 Metaspace       used 90108K, capacity 99880K, committed 100812K, reserved 1136640K
  class space    used 11403K, capacity 13768K, committed 14028K, reserved 1048576K
}
Event: 23488.106 GC heap before
{Heap before GC invocations=57 (full 4):
 PSYoungGen      total 307712K, used 300496K [0x00000000e0000000, 0x00000000f4680000, 0x0000000100000000)
  eden space 289280K, 100% used [0x00000000e0000000,0x00000000f1a80000,0x00000000f1a80000)
  from space 18432K, 60% used [0x00000000f3480000,0x00000000f3f740d0,0x00000000f4680000)
  to   space 22528K, 0% used [0x00000000f1a80000,0x00000000f1a80000,0x00000000f3080000)
 ParOldGen       total 157184K, used 60811K [0x00000000a0000000, 0x00000000a9980000, 0x00000000e0000000)
  object space 157184K, 38% used [0x00000000a0000000,0x00000000a3b62c70,0x00000000a9980000)
 Metaspace       used 90151K, capacity 99880K, committed 100812K, reserved 1136640K
  class space    used 11403K, capacity 13768K, committed 14028K, reserved 1048576K
Event: 23488.675 GC heap after
Heap after GC invocations=57 (full 4):
 PSYoungGen      total 311808K, used 22517K [0x00000000e0000000, 0x00000000f7e80000, 0x0000000100000000)
  eden space 289280K, 0% used [0x00000000e0000000,0x00000000e0000000,0x00000000f1a80000)
  from space 22528K, 99% used [0x00000000f1a80000,0x00000000f307d698,0x00000000f3080000)
  to   space 29184K, 0% used [0x00000000f6200000,0x00000000f6200000,0x00000000f7e80000)
 ParOldGen       total 157184K, used 70188K [0x00000000a0000000, 0x00000000a9980000, 0x00000000e0000000)
  object space 157184K, 44% used [0x00000000a0000000,0x00000000a448b338,0x00000000a9980000)
 Metaspace       used 90151K, capacity 99880K, committed 100812K, reserved 1136640K
  class space    used 11403K, capacity 13768K, committed 14028K, reserved 1048576K
}
Event: 23490.908 GC heap before
{Heap before GC invocations=58 (full 4):
 PSYoungGen      total 311808K, used 311330K [0x00000000e0000000, 0x00000000f7e80000, 0x0000000100000000)
  eden space 289280K, 99% used [0x00000000e0000000,0x00000000f1a0b4f0,0x00000000f1a80000)
  from space 22528K, 99% used [0x00000000f1a80000,0x00000000f307d698,0x00000000f3080000)
  to   space 29184K, 0% used [0x00000000f6200000,0x00000000f6200000,0x00000000f7e80000)
 ParOldGen       total 157184K, used 70188K [0x00000000a0000000, 0x00000000a9980000, 0x00000000e0000000)
  object space 157184K, 44% used [0x00000000a0000000,0x00000000a448b338,0x00000000a9980000)
 Metaspace       used 90201K, capacity 99880K, committed 100812K, reserved 1136640K
  class space    used 11404K, capacity 13768K, committed 14028K, reserved 1048576K
Event: 23490.950 GC heap after
Heap after GC invocations=58 (full 4):
 PSYoungGen      total 359424K, used 14779K [0x00000000e0000000, 0x00000000f7c80000, 0x0000000100000000)
  eden space 332288K, 0% used [0x00000000e0000000,0x00000000e0000000,0x00000000f4480000)
  from space 27136K, 54% used [0x00000000f6200000,0x00000000f706ee60,0x00000000f7c80000)
  to   space 28672K, 0% used [0x00000000f4480000,0x00000000f4480000,0x00000000f6080000)
 ParOldGen       total 157184K, used 70555K [0x00000000a0000000, 0x00000000a9980000, 0x00000000e0000000)
  object space 157184K, 44% used [0x00000000a0000000,0x00000000a44e6db8,0x00000000a9980000)
 Metaspace       used 90201K, capacity 99880K, committed 100812K, reserved 1136640K
  class space    used 11404K, capacity 13768K, committed 14028K, reserved 1048576K
}
Event: 23845.969 GC heap before
{Heap before GC invocations=59 (full 4):
 PSYoungGen      total 359424K, used 347067K [0x00000000e0000000, 0x00000000f7c80000, 0x0000000100000000)
  eden space 332288K, 100% used [0x00000000e0000000,0x00000000f4480000,0x00000000f4480000)
  from space 27136K, 54% used [0x00000000f6200000,0x00000000f706ee60,0x00000000f7c80000)
  to   space 28672K, 0% used [0x00000000f4480000,0x00000000f4480000,0x00000000f6080000)
 ParOldGen       total 157184K, used 70555K [0x00000000a0000000, 0x00000000a9980000, 0x00000000e0000000)
  object space 157184K, 44% used [0x00000000a0000000,0x00000000a44e6db8,0x00000000a9980000)
 Metaspace       used 90356K, capacity 100208K, committed 100812K, reserved 1136640K
  class space    used 11428K, capacity 13852K, committed 14028K, reserved 1048576K
Event: 23846.067 GC heap after
Heap after GC invocations=59 (full 4):
 PSYoungGen      total 360960K, used 14152K [0x00000000e0000000, 0x00000000fa680000, 0x0000000100000000)
  eden space 332288K, 0% used [0x00000000e0000000,0x00000000e0000000,0x00000000f4480000)
  from space 28672K, 49% used [0x00000000f4480000,0x00000000f5252040,0x00000000f6080000)
  to   space 27648K, 0% used [0x00000000f8b80000,0x00000000f8b80000,0x00000000fa680000)
 ParOldGen       total 157184K, used 70783K [0x00000000a0000000, 0x00000000a9980000, 0x00000000e0000000)
  object space 157184K, 45% used [0x00000000a0000000,0x00000000a451fdc8,0x00000000a9980000)
 Metaspace       used 90356K, capacity 100208K, committed 100812K, reserved 1136640K
  class space    used 11428K, capacity 13852K, committed 14028K, reserved 1048576K
}
Event: 26576.743 GC heap before
{Heap before GC invocations=60 (full 4):
 PSYoungGen      total 360960K, used 346440K [0x00000000e0000000, 0x00000000fa680000, 0x0000000100000000)
  eden space 332288K, 100% used [0x00000000e0000000,0x00000000f4480000,0x00000000f4480000)
  from space 28672K, 49% used [0x00000000f4480000,0x00000000f5252040,0x00000000f6080000)
  to   space 27648K, 0% used [0x00000000f8b80000,0x00000000f8b80000,0x00000000fa680000)
 ParOldGen       total 157184K, used 70783K [0x00000000a0000000, 0x00000000a9980000, 0x00000000e0000000)
  object space 157184K, 45% used [0x00000000a0000000,0x00000000a451fdc8,0x00000000a9980000)
 Metaspace       used 90502K, capacity 100456K, committed 101196K, reserved 1136640K
  class space    used 11450K, capacity 13932K, committed 14156K, reserved 1048576K
Event: 26577.267 GC heap after
Heap after GC invocations=60 (full 4):
 PSYoungGen      total 392704K, used 11635K [0x00000000e0000000, 0x00000000f9f00000, 0x0000000100000000)
  eden space 372736K, 0% used [0x00000000e0000000,0x00000000e0000000,0x00000000f6c00000)
  from space 19968K, 58% used [0x00000000f8b80000,0x00000000f96dcf80,0x00000000f9f00000)
  to   space 26112K, 0% used [0x00000000f6c00000,0x00000000f6c00000,0x00000000f8580000)
 ParOldGen       total 157184K, used 71146K [0x00000000a0000000, 0x00000000a9980000, 0x00000000e0000000)
  object space 157184K, 45% used [0x00000000a0000000,0x00000000a457a838,0x00000000a9980000)
 Metaspace       used 90502K, capacity 100456K, committed 101196K, reserved 1136640K
  class space    used 11450K, capacity 13932K, committed 14156K, reserved 1048576K
}

